Build started 26-Mar-17 12:56:52 AM.
     1>Project "C:\Users\Muhammad Anas Baig\Documents\Visual Studio 2010\Projects\Assignent2\Assignent2\Assignent2.vcxproj" on node 2 (build target(s)).
     1>InitializeBuildStatus:
         Creating "Debug\Assignent2.unsuccessfulbuild" because "AlwaysCreate" was specified.
       ClCompile:
         C:\Program Files\Microsoft Visual Studio 10.0\VC\bin\CL.exe /c /ZI /nologo /W3 /WX- /Od /Oy- /D _MBCS /Gm /EHsc /RTC1 /MDd /GS /fp:precise /Zc:wchar_t /Zc:forScope /Fo"Debug\\" /Fd"Debug\vc100.pdb" /Gd /TP /analyze- /errorReport:prompt list.cpp
         list.cpp
     1>c:\users\muhammad anas baig\documents\visual studio 2010\projects\assignent2\assignent2\list.cpp(179): warning C4244: '=' : conversion from 'double' to 'int', possible loss of data
       Link:
         C:\Program Files\Microsoft Visual Studio 10.0\VC\bin\link.exe /ERRORREPORT:PROMPT /OUT:"C:\Users\Muhammad Anas Baig\Documents\Visual Studio 2010\Projects\Assignent2\Debug\Assignent2.exe" /NOLOGO kernel32.lib user32.lib gdi32.lib winspool.lib comdlg32.lib advapi32.lib shell32.lib ole32.lib oleaut32.lib uuid.lib odbc32.lib odbccp32.lib /MANIFEST /ManifestFile:"Debug\Assignent2.exe.intermediate.manifest" /MANIFESTUAC:"level='asInvoker' uiAccess='false'" /DEBUG /PDB:"C:\Users\Muhammad Anas Baig\Documents\Visual Studio 2010\Projects\Assignent2\Debug\Assignent2.pdb" /TLBID:1 /DYNAMICBASE /NXCOMPAT /IMPLIB:"C:\Users\Muhammad Anas Baig\Documents\Visual Studio 2010\Projects\Assignent2\Debug\Assignent2.lib" /MACHINE:X86 Debug\list.obj
         Debug\main.obj
         Debug\node.obj
         LINK : C:\Users\Muhammad Anas Baig\Documents\Visual Studio 2010\Projects\Assignent2\Debug\Assignent2.exe not found or not built by the last incremental link; performing full link
         Assignent2.vcxproj -> C:\Users\Muhammad Anas Baig\Documents\Visual Studio 2010\Projects\Assignent2\Debug\Assignent2.exe
       Manifest:
         C:\Program Files\Microsoft SDKs\Windows\v7.0A\bin\mt.exe /nologo /verbose /outputresource:"C:\Users\Muhammad Anas Baig\Documents\Visual Studio 2010\Projects\Assignent2\Debug\Assignent2.exe;#1" /manifest Debug\Assignent2.exe.intermediate.manifest
       FinalizeBuildStatus:
         Deleting file "Debug\Assignent2.unsuccessfulbuild".
         Touching "Debug\Assignent2.lastbuildstate".
     1>Done Building Project "C:\Users\Muhammad Anas Baig\Documents\Visual Studio 2010\Projects\Assignent2\Assignent2\Assignent2.vcxproj" (build target(s)).

Build succeeded.

Time Elapsed 00:00:02.04
